[    0.000000] Initializing cgroup subsys cpuset
[    0.000000] Initializing cgroup subsys cpu
[    0.000000] Initializing cgroup subsys cpuacct
[    0.000000] Linux version 4.4.0-133-generic (buildd@lgw01-amd64-029) (gcc version 5.4.0 20160609 (Ubuntu 5.4.0-6ubuntu1~16.04.10) ) #159-Ubuntu SMP Fri Aug 1007:31:43 UTC 2018 (Ubuntu 4.4.0-133.159-generic 4.4.134)
[    0.000000] Command line: BOOT_IMAGE=/boot/vmlinuz-4.4.0-133-generic root=LABEL=cloudimg-rootfs ro console=tty1 console=ttyS0
[    0.000000] KERNEL supported cpus:
[    0.000000]   Intel GenuineIntel
[    0.000000]   AMD AuthenticAMD
[    0.000000]   Centaur CentaurHauls
[    0.000000] x86/fpu: xstate_offset[2]:  576, xstate_sizes[2]:  256
[    0.000000] x86/fpu: Supporting XSAVE feature 0x01: 'x87 floating point registers'
[    0.000000] x86/fpu: Supporting XSAVE feature 0x02: 'SSE registers'
[    0.000000] x86/fpu: Supporting XSAVE feature 0x04: 'AVX registers'
[    0.000000] x86/fpu: Enabled xstate features 0x7, context size is 832 bytes, using 'standard' format.
[    0.000000] x86/fpu: Using 'eager' FPU context switches.
[    0.000000] e820: BIOS-provided physical RAM map:
[    0.000000] BIOS-e820: [mem 0x0000000000000000-0x000000000009fbff] usable
[    0.000000] BIOS-e820: [mem 0x000000000009fc00-0x000000000009ffff] reserved
[    0.000000] BIOS-e820: [mem 0x00000000000f0000-0x00000000000fffff] eserved
[    0.000000] BIOS-e820: [mem 0x0000000000100000-0x000000003ffeffff] usable
[    0.000000] BIOS-e820: [mem 0x000000003fff0000-0x000000003fffffff] ACPI data
[    0.000000] BIOS-e820: [mem 0x00000000fec00000-0x00000000fec00fff] reserved
[    0.000000] BIOS-e820: [mem 0x00000000fee00000-0x00000000fee00fff] reserved
[    0.000000] BIOS-e820: [mem 0x00000000fffc0000-0x00000000ffffffff] reserved
[    0.000000] NX (Execute Disable) protection: active
[    0.000000] SMBIOS 2.5 present.
[    0.000000] Hypervisor detected: KVM
[    0.000000] e820: last_pfn = 0x3fff0 max_arch_pfn = 0x400000000
[    0.000000] MTRR: Disabled
[    0.000000] x86/PAT: MTRRs disabled, skipping PAT initialization too.
[    0.000000] CPU MTRRs all blank - virtualized system.
[    0.000000] x86/PAT: Configuration [0-7]: WB  WT  UC- UC  WB  WT  UC- UC  
[    0.000000] found SMP MP-table at [mem 0x0009fff0-0x0009ffff] mapped at [ffff88000009fff0]
[    0.000000] Scanning 1 areas for low memory cruption
[    0.000000] RAMDISK: [mem 0x3630c000-0x3717dfff]
[    0.000000] ACPI: Early table checksum verification disabled
[    0.000000] ACPI: RSDP 0x00000000000E0000 000024 (v02 VBOX  )
[    0.000000] ACPI: XSDT 0x000000003FFF0030 00003C (v01 VBOX  VBOXXSDT 00000001 ASL  00000061)
[    0.000000] ACPI: FACP 0x000000003FFF00F0 0000F4 (v04 VBOX   VBOXFACP 00000001 ASL  00000061)
[    0.000000] ACPI: DSDT 0x000000003FFF0470 0021FF (v02 VBOX   VBOXBIOS 00000002 INTL 20100528)
[    0.000000] ACPI: FACS 0x000000003FFF0200 000040
[    0.000000] ACPI: FACS 0x000000003FFF0200 000040
[    0.000000] ACPI: APIC 0x000000003FFF0240 00005C (v02 VBOX   VBOXAPIC 00000001 ASL  00000061)
[    0.000000] ACPI: SSDT 0x000000003FFF02A0 0001CC (v01 VBOX   VBOXCPUT 00000002 INTL 20100528)
[    0.000000] No NUMA configuration found
[    0.000000] Faking a node at [mem 0x0000000000000000-0x000000003ffeffff]
[    0.000000] NODE_DATA(0) allocated [mem 0x3ffeb000-0x3ffeffff]
[    0.000000] kvm-clock: Using msrs 4b564d01 and 4b564d00
[    0.000000] kvm-clock: cpu 0, msr 0:3ffe3001, primary cpu clock
[    0.000000] kvm-clock: using sched offset of 3916177253 cycles
[    0.000000] clocksource: kvm-clock: mask: 0xffffffffffffffff max_cycles: 0x1cd42e4dffb, max_idle_ns: 881590591483 ns
[    0.000000] Zone ranges:
[    0.000000]   DMA      [mem 0x0000000000001000-0x0000000000ffffff]
[    0.000000]   DMA32    [mem 0x0000000001000000-0x000000003ffeffff]
[    0.000000]   Normal   empty
[    0.000000]   Device   empty
[    0.000000] Movable zone start for each node
[    0.000000] Early memory node ranges
[    0.000000]   node   0: [mem 0x0000000000001000-0x000000000009efff]
[    0.000000]   node   0: [mem 0x0000000000100000-0x000000003ffeffff]
[    0.000000] Initmem setup node 0 [mem 0x0000000000001000-0x000000003ffeffff]
[    0.000000] ACPI: PM-Timer IO Port: 0x4008
[    0.000000] IOAPIC[0]: apic_id 2, version 32, address 0xfec00000, GSI 0-23
[    0.000000] ACPI: INT_SRC_OVR (bus 0 bus_irq 0 global_irq 2 dfl dfl)
[    0.000000] ACPI: INT_SRC_OVR (bus 0 bus_irq 9 global_irq 9 low level)
[    0.000000] Using ACPI (MADT) for SMP configuration information
[    0.00000] smpboot: Allowing 2 CPUs, 0 hotplug CPUs
[    0.000000] PM: Registered nosave memory: [mem 0x00000000-0x00000fff]
[    0.000000] PM: Registered nosave memory: [mem 0x0009f000-0x0009ffff]
[    0.000000] PM: Registered nosave memory: [mem 0x000a0000-0x000effff]
[    0.000000] PM: Registered nosave memory: [mem 0x000f0000-0x000fffff]
[    0.000000] e820: [mem 0x40000000-0xfebfffff] available for PCI devices
[    0.000000] Booting paravirtualized kernel on KVM
[    0.000000] clocksource: refined-jiffies: mask: 0xffffffff max_cycles: 0xffffffff, max_idle_ns: 7645519600211568 ns
[    0.000000] setup_percpu: NR_CPUS:512 nr_cpumask_bits:512 nr_cpu_ids:2 nr_node_ids:1
[    0.000000] PERCPU: Embedded 34 pages/cpu @ffff88003fc00000 s99544 r8192 d31528 u1048576
[    0.000000] PV qspinlock hash table entries: 256 (order: 0, 4096 bytes)
[    0.000000] Built 1 zonelists in Node order, mobility grouping on.  Total pages: 257912
[    0.000000] Policy zone: DMA32
[    0.000000] Kernel command line: BOOT_IMAGE=/boot/vmlinuz-4.4.0-133-generic root=LABEL=cloudimg-rootfs ro console=tty1 console=ttyS0
[    0.000000] PID hash table entries: 4096 (order: 3, 32768 bytes)
[    0.000000] Memory: 997712K/1048120K available (8550K kernel code, 1314K rwdata, 4004K rodata, 1528K init, 1316K bss, 50408K reserved, 0K cma-reserved)
[    0.000000] SLUB: HWalign=64, Order=0-3, MinObjects=0, CPUs=2, Nodes=1
[    0.000000] Kernel/User page tables isolation: enabled
[    0.000000] Hierarchical RCU implementation.
[    0.000000] 	Build-time adjustment of leaf fanout to 64.
[    0.000000] 	RCU restricting CPUs from NR_CPUS=512 to nr_cpu_ids=2.
[    0.000000] RCU: Adjusting geometry for rcu_fanout_leaf=64, nr_cpu_ids=2
[    0.000000] NR_IRQS:33024 nr_irqs:440 16
[    0.000000] Console: colour VGA+ 80x25
[    0.000000] console [tty1] enabled
[    0.000000] console [ttyS0] enabled
[    0.000000] tsc: Detected 2592.000 MHz processor
[    0.329783] Calibrating delay loop (skipped) preset value.. 5184.00 BogoMIPS (lpj=10368000)
[    0.331624] pid_max: default: 32768 minimum: 301
[    0.332603] ACPI: Core revision 20150930
[    0.334619] ACPI: 2 ACPI AML tables successfully acquired and loaded
[    0.335990] Security Framework initialized
[    0.336898] Yama: becoming mindful.
[    0.337728] AppArmor: AppArmor initialized
[    0.338771] Dentry cache hash table entries: 131072 (order: 8, 1048576 bytes)
[    0.344146] Inode-cache hash table entries: 65536 (order: 7, 524288 bytes)
[    0.345716] Mount-cache hash table entries: 2048 (order: 2, 16384 bytes)
[    0.347064] Mountpoint-cache hash table entries: 2048 (order: 2, 16384 bytes)
[    0.348719] Initializing cgroup subsys io
[    0.349992] Initializing cgroup subsys memory
[    0.351366] Initializing cgroup subsys devices
[    0.353613] Initializing cgroup subsys freezer
[    0.354929] Initializing cgroup subsys net_cls
[    0.356372] Initializing cgroup subsys perf_event
[    0.357822] Initializing cgroup subsys net_prio
[    0.359221] Initializing cgroup subsys hugetlb
[    0.360593] Initializing cgroup subsys pids
[    0.363282] mce: CPU supports 0 MCE banks
[    0.364493] Last level iTLB entries: 4KB 64, 2MB 8, 4MB 8
[    0.365764] Last level dTLB entries: 4KB 64, 2MB 0, 4MB 0, 1GB 4
[    0.367032] Spectre V2 : Mitigation: Full generic retpoline
[    0.368212] Spectre V2 : Speculation control IBPB not-supported IBRS not-supported
[    0.369700] Spectre V2 : Filling RSB on context switch
[    0.371215] Speculative Store Bypass: Vulnerable
[    0.375534] Freeing SMP alternatives memory: 32K
[    0.389638] ftrace: allocating 32262 entries in 127 pages
[    0.471660] smpboot: APIC(0) Converting physical 0 to logical package 0
[    0.473381] smpboot: Max logical packages: 1
[    0.474932] x2apic enabled
[    0.476202] Switched APIC routing to physical x2apic.
[    0.478639] ..TIMER: vector=0x30 apic1=0 pin1=2 apic2=-1 pin2=-1
[    0.584623] smpboot: CPU0: Intel(R) Core(TM) i7-6700HQ CPU @ 2.60GHz (family: 0x6, model: 0x5e, stepping: 0x3)
[    0.586831] Performance Events: unsupported p6 CPU model 94 no PMU driver, software events only.
[    0.588794] KVM setup paravirtual spinlock
[    0.590556] x86: Booting SMP configuration:
[    0.591454] .... node  #0, CPUs:      #1
[    0.592444] kvm-clock: cpu 1, msr 0:3ffe3041, secondary cpu clock
[    0.594603] mce: CPU supports 0 MCE banks
[    0.654694] x86: Booted up 1 node, 2 CPUs
[    0.655812] smpboot: Total of 2 processors activated (10368.00 BogoMIPS)
[    0.657557] devtmpfs: initialized
[    0.660130] evm: security.selinux
[    0.660918] evm: security.SMACK64
[    0.661694] evm: security.SMACK64EXEC
[    0.662504] evm: security.SMACK64TRANSMUTE
[    0.663381] evm: security.SMACK64MMAP
[    0.664198] evm: security.ima
[    0.664928] evm: security.capability
[    0.665907] clocksource: jiffies: mask: 0xffffffff max_cycles: 0xffffffff, max_idle_ns: 7645041785100000 ns
[    0.668392] futex hash table entries: 512 (order: 3, 32768 bytes)
[    0.670286] pinctrl core: initialized pinctrl subsystem
[    0.671861] RTC time:  4:18:25, date: 09/06/18
[    0.673378] NET: Registered protocol family 16
[    0.684596] cpuidle: using governor ladder
[    0.697102] cpuidle: using governor menu
[    0.698240] PCCT header not found.
[    0.699267] ACPI: bus type PCI registered
[    0.700215] acpiphp: ACPI Hot Plug PCI Controller Driver version: 0.5
[    0.701632] PCI: Using configuration type 1 for base access
[    0.717312] ACPI: Added _OSI(Module Device)
[    0.718325] ACPI: Added _OSI(Processor Device)
[    0.719409] ACPI: Added _OSI(3.0 _SCP Extensions)
[    0.726184] ACPI: Added _OSI(Processor Aggregator Device)
[    0.728247] ACPI: Executed 1 blocks of module-level executable AML code
[    0.732678] ACPI: Interpreter enabled
[    0.734387] ACPI: (supports S0 S5)
[    0.735349] ACPI: Using IOAPIC for interrupt routing
[    0.736629] PCI: Using host bridge windows from ACPI; if necessary, use "pci=nocrs" and report a bug
[    0.743196] ACPI: PCI Root Bridge [PCI0] (domain 0000 [bus 00-ff])
[    0.744439] acpi PNP0A03:00: _OSC: OS supports [ASPM ClockPM Segments MSI]
[    0.745795] acpi PNP0A03:00: _OSC: not requesting OS control; OS requires [ExtendedConfig ASPM ClockPM MSI]
[    0.748894] acpi PNP0A03:00: fail to add MMCONFIG information, can't access extended PCI configuration space under this bridge.
[    0.757802] PCI host bridge to bus 0000:00
[    0.758746] pci_bus 0000:00: root bus resource [io  0x0000-0x0cf7 window]
[    0.760096] pci_bus 0000:00: root bus resource [io  0x0d00-0xffff window]
[    0.761402] pci_bus 0000:00: root bus resource [mem 0x000a0000-0x000bffff window]
[    0.763113] pci_bus 0000:00: root bus resource [mem 0x40000000-0xfdffffff window]
[    0.771405] pci_bus 0000:00: root bus resource [bus 00-ff]
[    0.786718] pci 0000:00:01.1: legacy IDE quirk: reg 0x10: [io  0x01f0-0x01f7]
[    0.788093] pci 0000:00:01.1: legacy IDE quirk: reg 0x14: [io  0x03f6]
[    0.789528] pci 0000:00:01.1: legacy IDE quirk: reg 0x18: [io  0x0170-0x0177]
[    0.791023] pci 0000:00:01.1: legacy IDE quirk: reg 0x1c: [io  0x0376]
[    0.823441] pci 0000:00:07.0: quirk: [io  0x4000-0x403f] claimed by PIIX4 ACPI
[    0.825266] pci 0000:00:07.0: quirk: [io  0x4100-0x410f] claimed by PIIX4 SMB
[    0.832136] ACPI: PCI Interrupt Link [LNKA] (IRQs 5 9 10 *11)
[    0.834197] ACPI: PCI Interrupt Link [LNKB] (IRQs 5 9 *10 11)
[    0.836305] ACPI: PCI Interrupt Link [LNKC] (IRQs 5 *9 10 11)
[    0.838445] ACPI: PCI Interrupt Link [LNKD] (IRQs 5 9 10 *11)
[    0.840211] ACPI: Enabled 2 GPEs in block 00 to 07
[    0.841640] vgaarb: setting as boot device: PCI:0000:00:02.0
[    0.842760] vgaarb: device added: PCI:0000:00:02.0,decodes=io+mem,owns=io+mem,locks=none
[    0.844491] vgaarb: loaded
[    0.845204] vgaarb: bridge control possible 0000:00:02.0
[    0.846560] SCSI subsystem initialized
[    0.847541] ACPI: bus type USB registered
[    0.848454] usbcore: registered new interface driver usbfs
[    0.849541] usbcore: registered new interface driver hub
[    0.850612] usbcore: registered new device driver usb
[    0.853205] PCI: Using ACPI for IRQ routing
[    0.854507] NetLabel: Initializing
[    0.855364] NetLabel:  domain hash size = 128
[    0.856340] NetLabel:  protocols = UNLABELED CIPSOv4
[    0.857453] NetLabel:  unlabeled traffic allowed by default
[    0.858870] amd_nb: Cannot enumerate AMD northbridges
[    0.860120] clocksource: Switched to clocksource kvm-clock
[    0.872634] AppArmor: AppArmor Filesystem Enabled
[    0.880222] pnp: PnP ACPI init
[    0.882145] pnp: PnP ACPI: found 3 devices
[    0.893452] clocksource: acpi_pm: mask: 0xffffff max_cycles: 0xffffff, max_idle_ns: 2085701024 ns
[    0.895360] NET: Registered protocol family 2
[    0.896570] TCP established hash table entries: 8192 (order: 4, 65536 bytes)
[    0.897906] TCP bind hash table entries: 8192 (order: 5, 131072 bytes)
[    0.899242] TCP: Hash tables configured (established 8192 bind 8192)
[    0.900509] UDP hash table entries: 512 (order: 2, 16384 bytes)
[    0.901719] UDP-Lite hash table entries: 512 (order: 2, 16384 bytes)
[    0.903029] NET: Registered protocol family 1
[    0.903987] pci 0000:00:00.0: Limiting direct PCI/PCI transfers
[    0.905444] pci 0000:00:01.0: Activating ISA DMA hang workarounds
[    0.907183] Unpacking initramfs...
[    1.255005] Freeing initrd memory: 14792K
[    1.256812] platform rtc_cmos: registered platform RTC device (no PNP device found)
[    1.261883] Scanning for low memory corruption every 60 seconds
[    1.264908] audit: initializing netlink subsys (disabled)
[    1.277240] audit: type=2000 audit(1536207511.102:1): initialized
[    1.291097] Initialise system trusted keyring
[    1.295212] HugeTLB registered 2 MB page size, pre-allocated 0 pages
[    1.300847] zbud: loaded
[    1.302506] VFS: Disk quotas dquot_6.6.0
[    1.310218] VFS: Dquot-cache hash table entries: 512 (order 0, 4096 bytes)
[    1.334784] squashfs: version 4.0 (2009/01/31) Phillip Lougher
[    1.343269] fuse init (API version 7.23)
[    1.352506] Key type big_key registered
[    1.359508] Allocating IMA MOK and blacklist keyrings.
[    1.368850] Key type asymmetric registered
[    1.380905] Asymmetric key parser 'x509' registered
[    1.382489] Block layer SCSI generic (bsg) driver version 0.4 loaded (major 249)
[    1.385231] io scheduler noop registered
[    1.388375] io scheduler deadline registered (default)
[    1.390575] io scheduler cfq registered
[    1.392003] pci_hotplug: PCI Hot Plug PCI Core version: 0.5
[    1.394669] pciehp: PCI Express Hot Plug Controller Driver version: 0.4
[    1.397281] ACPI: AC Adapter [AC] (on-line)
[    1.399447] input: Power Button as /devices/LNXSYSTM:00/LNXPWRBN:00/input/input0
[    1.403446] ACPI: Power Button [PWRF]
[    1.405432] input: Sleep Button as /devices/LNXSYSTM:00/LNXSLPBN:00/input/input1
[    1.408941] ACPI: Sleep Button [SLPF]
[    1.411139] GHES: HEST is not enabled!
[    1.413175] Serial: 8250/16550 driver, 32 ports, IRQ sharing enabled
[    1.413407] ACPI: Battery Slot [BAT0] (battery present)
[    1.445272] 00:02: ttyS0 at I/O 0x3f8 (irq = 4, base_baud = 115200) is a 16550A
[    1.450682] Linux agpgart interface v0.103
[    1.458896] loop: module loaded
[    1.461381] scsi host0: ata_piix
[    1.463484] scsi host1: ata_piix
[    1.470408] ata1: PATA max UDMA/33 cmd 0x1f0 ctl 0x3f6 bmdma 0xd000 irq 14
[    1.473300] ata2: PATA max UDMA/33 cmd 0x170 ctl 0x376 bmdma 0xd008 irq 15
[    1.477502] libphy: Fixed MDIO Bus: probed
[    1.479395] tun: Universal TUN/TAP device driver, 1.6
[    1.481581] tun: (C) 1999-2004 Max Krasnyansky <maxk@qualcomm.com>
[    1.484357] PPP generic driver version 2.4.2
[    1.486425] ehci_hcd: USB 2.0 'Enhanced' Host Controller (EHCI) Driver
[    1.495804] ehci-pci: EHCI PCI platform driver
[    1.498430] ehci-platform: EHCI generic platform driver
[    1.500911] ohci_hcd: USB 1.1 'Open' Host Controller (OHCI) Driver
[    1.513119] ohci-pci: OHCI PCI platform driver
[    1.528883] ohci-platform: OHCI generic platform driver
[    1.531840] uhci_hcd: USB Universal Host Controller Interface driver
[    1.537474] i8042: PNP: PS/2 Controller [PNP0303:PS2K,PNP0f03:PS2M] at 0x60,0x64 irq 1,12
[    1.544436] serio: i8042 KBD port at 0x60,0x64 irq 1
[    1.545975] serio: i8042 AUX port at 0x60,0x64 irq 12
[    1.547691] mousedev: PS/2 mouse device common for all mice
[    1.550938] rtc_cmos rtc_cmos: rtc core: registered rtc_cmos as rtc0
[    1.553765] rtc_cmos rtc_cmos: alarms up to one day, 114 bytes nvram
[    1.555968] i2c /dev entries driver
[    1.557266] device-mapper: uevent: version 1.0.3
[    1.559135] device-mapper: ioctl: 4.34.0-ioctl (2015-10-28) initialised: dm-devel@redhat.com
[    1.564120] ledtrig-cpu: registered to indicate activity on CPUs
[    1.573270] input: AT Translated Set 2 keyboard as /devices/platform/i8042/serio0/input/input2
[    1.578358] NET: Registered protocol family 10
[    1.580057] NET: Registered protocol family 17
[    1.581503] Key type dns_resolver registered
[    1.584227] registered taskstats version 1
[    1.585572] Loading compiled-in X.509 certificates
[    1.588045] Loaded X.509 cert 'Build time autogenerated kernel key: 2bd7eec8ea2fedbeeda78e0b663eb647cf617c40'
[    1.596940] zswap: loaded using pool lzo/zbud
[    1.601618] Key type trusted registered
[    1.611059] Key type encrypted registered
[    1.612325] AppArmor: AppArmor sha1 policy hashing enabled
[    1.620178] ima: No TPM chip found, activating TPM-bypass!
[    1.627885] ima: Allocated hash algorithm: sha1
[    1.637256] evm: HMAC attrs: 0x1
[    1.672698]   Magic number: 2:162:312
[    1.674552] rtc_cmos rtc_cmos: setting system clock to 2018-09-06 04:18:26 UTC (1536207506)
[    1.677460] BIOS EDD facility v0.16 2004-Jun-25, 0 devices found
[    1.679182] EDD information not available.
[    1.683104] Freeing unused kernel memory: 1528K
[    1.696612] Write protecting the kernel read-only data: 14336k
[    1.698883] Freeing unused kernel memory: 1676K
[    1.705911] Freeing unused kernel memory: 92K
Loading, please wait...
starting version 229
[    1.731477] random: systemd-udevd: uninitialized urandom read (16 bytes read, 3 bits of entropy available)
[    1.732343] random: udevadm: uninitialized urandom read (16 bytes read, 3 bits of entropy available)
[    1.732375] random: udevadm: uninitialized urandom read (16 bytes read, 3 bits of entropy available)
[    1.741350] random: systemd-udevd: uninitialized urandom read (16 bytes read, 3 bits of entropy available)
[    1.744116] random: systemd-udevd: uninitialized urandom read (16 bytes read, 3 bits of entropy available)
[    1.747118] random: systemd-udevd: uninitialized urandom read (16 bytes read, 3 bits of entropy available)
[    1.747452] random: udevadm: uninitialized urandom read (16 bytes read, 3 bits of entropy available)
[    1.747545] random: udevadm: uninitialized urandom read (16 bytes read, 3 bits of entropy available)
[    1.747763] random: udevadm: uninitialized urandom read (16 bytes read, 3 bits of entropy available)
[    1.747842] random: udevadm: uninitialized urandom read (16 bytes read, 3 bits of entropy available)
[    1.840914] e1000: Intel(R) PRO/1000 Network Driver - version 7.3.21-k8-NAPI
[    1.843961] e1000: Copyright (c) 1999-2006 Intel Corporation.
[    1.848335] Fusion MPT base driver 3.04.20
[    1.849952] Copyright (c) 1999-2008 LSI Corporation
[    1.864001] Fusion MPT SPI Host driver 3.04.20
[    1.889983] AVX2 version of gcm_enc/dec engaged.
[    1.928966] AES CTR mode by8 optimization enabled
[    2.076540] input: ImExPS/2 Generic Explorer Mouse as /devices/platform/i8042/serio1/input/input4
[    2.252228] tsc: Refined TSC clocksource calibration: 2591.508 MHz
[    2.254459] clocksource: tsc: mask: 0xffffffffffffffff max_cycles: 0x255ae607cf3, max_idle_ns: 440795229695 ns
[    2.352424] e1000 0000:00:03.0 eth0: (PCI:33MHz:32-bit) 02:48:3e:15:b5:0c
[    2.354258] e1000 0000:00:03.0 eth0: Intel(R) PRO/1000 Network Connection
[    2.357714] e1000 0000:00:03.0 enp0s3: renamed from eth0
[    2.359102] mptbase: ioc0: Initiating bringup
[    2.420893] ioc0: LSI53C1030 A0: Capabilities={Initiator}
[    2.590203] scsi host2: ioc0: LSI53C1030 A0, FwRev=00000000h, Ports=1, MaxQ=256, IRQ=20
[    2.713711] scsi 2:0:0:0: Direct-Access     VBOX     HARDDISK         1.0  PQ: 0 ANSI: 5
[    2.716106] scsi target2:0:0: Beginning Domain Validation
[    2.727801] scsi target2:0:0: Domain Validation skipping write tests
[    2.736379] scsi target2:0:0: Ending Domain Validation
[    2.737939] scsi target2:0:0: asynchronous
[    2.745252] scsi 2:0:1:0: Direct-Access     VBOX     HARDDISK         1.0  PQ: 0 ANSI: 5
[    2.769295] scsi target2:0:1: Beginning Domain Validation
[    2.773786] scsi target2:0:1: Domain Validation skipping write tests
[    2.775449] scsi target2:0:1: Ending Domain Validation
[    2.788744] scsi target2:0:1: asynchronous
[    2.799855] sd 2:0:0:0: Attached scsi generic sg0 type 0
[    2.807114] sd 2:0:0:0: [sda] 20971520 512-byte logical blocks: (10.7 GB/10.0 GiB)
[    2.812903] sd 2:0:1:0: Attached scsi generic sg1 type 0
[    2.839155] sd 2:0:1:0: [sdb] 20480 512-byte logical blocks: (10.5 MB/10.0 MiB)
[    2.839271] sd 2:0:0:0: [sda] Write Protect is off
[    2.839383] sd 2:0:0:0: [sda] Incomplete mode parameter data
[    2.839385] sd 2:0:0:0: [sda] Assuming drive cache: write through
[    2.851158] sd 2:0:1:0: [sdb] Write Protect is off
[    2.858348] sd 2:0:1:0: [sdb] Incomplete mode parameter data
[    2.866215] sd 2:0:1:0: [sdb] Assuming drive cache: write through
[    2.870271]  sda: sda1
[    2.872578] sd 2:0:0:0: [sda] Attached SCSI disk
[    2.873805] sd 2:0:1:0: [sdb] Attached SCSI disk
Begin: Loading essential drivers ... [    4.282710] md: linear personality registered for level -1
[    4.286498] md: multipath personality registered for level -4
[    4.290527] md: raid0 personality registered for level 0
[    4.295044] md: raid1 personality registered for level 1
[    4.384133] raid6: sse2x1   gen()  6936 MB/s
[    4.464227] raid6: sse2x1   xor()  3388 MB/s
[    4.532561] raid6: sse2x2   gen()  4616 MB/s
[    4.604337] raid6: sse2x2   xor()  4434 MB/s
[    4.672573] raid6: sse2x4   gen()  6052 MB/s
[    4.746578] raid6: sse2x4   xor()  5976 MB/s
[    4.812297] raid6: avx2x1   gen() 10793 MB/s
[    4.884377] raid6: avx2x2   gen() 13788 MB/s
[    4.952618] raid6: avx2x4   gen() 17291 MB/s
[    4.954148] raid6: using algorithm avx2x4 gen() 17291 MB/s
[    4.955549] raid6: using avx2x2 recovery algorithm
[    4.959698] xor: automatically using best checksumming function:
[    5.000556]    avx       : 17610.000 MB/sec
[    5.003162] async_tx: api initialized (async)
[    5.028888] md: raid6 personality registered for level 6
[    5.042373] md: raid5 personality registered for level 5
[    5.043770] md: raid4 personality registered for level 4
[    5.057586] md: raid10 personality registered for level 10
done.
Begin: Running /scripts/init-premount ... done.
Begin: Mounting root file system ... Begin: Running /scripts/local-top ... done.
Begin: Running /scripts/local-premount ... [    5.100120] Btrfs loaded
Scanning for Btrfs filesystems
done.
Warning: fsck not present, so skipping root file system
[    5.134592] EXT4-fs (sda1): mounted filesystem with ordered data mode. Opts: (null)
done.
Begin: Running /scripts/local-bottom ... done.
Begin: Running /scripts/init-bottom ... done.
[    5.253650] systemd[1]: systemd 229 running in system mode. (+PAM +AUDIT +SELINUX +IMA +APPARMOR +SMACK +SYSVINIT +UTMP +LIBCRYPTSETUP +GCRYPT +GNUTLS +ACL +XZ -LZ4 +SECCOMP +BLKID +ELFUTILS +KMOD -IDN)
[    5.280062] systemd[1]: Detected virtualization oracle.
[    5.348907] systemd[1]: Detected architecture x86-64.

Welcome to [1mUbuntu 16.04.5 LTS[0m!

[    5.443663] systemd[1]: Set hostname to <ubuntu>.
[    5.451401] systemd[1]: Initializing machine ID from random generator.
[    5.454213] systemd[1]: Installed transient /etc/machine-id file.
[    5.638795] systemd[1]: Created slice User and Session Slice.
[[0;32m  OK  [0m] Created slice User and Session Slice.
[    5.662554] systemd[1]: Listening on LVM2 metadata daemon socket.
[[0;32m  OK  [0m] Listening on LVM2 metadata daemon socket.
[    5.690666] systemd[1]: Listening on Journal Audit Socket.
[[0;32m  OK  [0m] Listening on Journal Audit Socket.
[    5.720871] systemd[1]: Started Forward Password Requests to Wall Directory Watch.
[[0;32m  OK  [0m] Started Forward Password Requests to Wall Directory Watch.
[    5.757380] systemd[1]: Listening on Syslog Socket.
[[0;32m  OK  [0m] Listening on Syslog Socket.
[    5.785691] systemd[1]: Set up automount Arbitrary Executable File Formats File System Automount Point.
[[0;32m  OK  [0m] Set up automount Arbitrary Executab...ats File System Automount Point.
[    5.834493] systemd[1]: Reached target Swap.
[[0;32m  OK  [0m] Reached target Swap.
[    5.889262] systemd[1]: Listening on udev Kernel Socket.
[[0;32m  OK  [0m] Listening on udev Kernel Socket.
[    5.974129] systemd[1]: Reached target System Time Synchronized.
[[0;32m  OK  [0m] Reached target System Time Synchronized.
[    5.986346] systemd[1]: Listening on Journal Socket (/dev/log).
[[0;32m  OK  [0m] Listening on Journal Socket (/dev/log).
[    5.991205] systemd[1]: Created slice System Slice.
[[0;32m  OK  [0m] Created slice System Slice.
[    5.993995] systemd[1]: Reached target Slices.
[[0;32m  OK  [0m] Reached target Slices.
[    5.996936] systemd[1]: Listening on LVM2 poll daemon socket.
[[0;32m  OK  [0m] Listening on LVM2 poll daemon socket.
[    6.005962] systemd[1]: Listening on Device-mapper event daemon FIFOs.
[[0;32m  OK  [0m] Listening on Device-mapper event daemon FIFOs.
[    6.068554] systemd[1]: Listening on /dev/initctl Compatibility Named Pipe.
[[0;32m  OK  [0m] Listening on /dev/initctl Compatibility Named Pipe.
[    6.132035] systemd[1]: Started Trigger resolvconf update for networkd DNS.
[[0;32m  OK  [0m] Started Trigger resolvconf update for networkd DNS.
[    6.137077] systemd[1]: Created slice system-serial\x2dgetty.slice.
[[0;32m  OK  [0m] Created slice system-serial\x2dgetty.slice.
[    6.139962] systemd[1]: Reached target User and Group Name Lookups.
[[0;32m  OK  [0m] Reached target User and Group Name Lookups.
[    6.151460] systemd[1]: Listening on Journal Socket.
[[0;32m  OK  [0m] Listening on Journal Socket.
[    6.180837] systemd[1]: Mounting POSIX Message Queue File System...
         Mounting POSIX Message Queue File System...
[    6.224419] systemd[1]: Starting Remount Root and Kernel File Systems...
[    6.228849] EXT4-fs (sda1): re-mounted. Opts: (null)
         Starting Remount Root and Kernel File Systems...
[    6.284368] systemd[1]: Starting Monitoring of LVM2 mirrors, snapshots etc. using dmeventd or progress polling...
         Starting Monitoring of LVM2 mirrors... dmeventd or progress polling...
[    6.289434] systemd[1]: Starting Journal Service...
         Starting Journal Service...
[    6.298546] systemd[1]: Mounting Debug File System...
         Mounting Debug File System...
[    6.304135] systemd[1]: Starting Nameserver information manager...
         Starting Nameserver information manager...
[    6.325716] systemd[1]: Mounting Huge Pages File System...
         Mounting Huge Pages File System...
[    6.329983] systemd[1]: Starting Create list of required static device nodes for the current kernel...
         Starting Create list of required st... nodes for the current kernel...
[    6.396753] systemd[1]: Starting Set console keymap...
         Starting Set console keymap...
[    6.401295] systemd[1]: Starting Uncomplicated firewall...
         Starting Uncomplicated firewall...
[    6.496331] systemd[1]: Starting Load Kernel Modules...
         Starting Load Kernel Modules...
[    6.510593] Loading iSCSI transport class v2.0-870.
[    6.525909] systemd[1]: Reached target Encrypted Volumes.
[[0;32m  OK  [0m] Reached targ[    6.534722] iscsi: registered transport (tcp)
et Encrypted Volumes.
[    6.557703] systemd[1]: Listening on udev Control Socket.
[[0;32m  OK  [0m] Listening on udev Control Socket.
[    6.561212] random: nonblocking pool is initialized
[    6.581590] systemd[1]: Mounted Debug File System.
[[0;32m  OK  [0m] Mounted Debu[    6.595210] iscsi: registered transport (iser)
g File System.
[    6.611218] systemd[1]: Mounted POSIX Message Queue File System.
[[0;32m  OK  [0m] Mounted POSIX Message Queue File System.
[    6.643985] systemd[1]: Mounted Huge Pages File System.
[[0;32m  OK  [0m] Mounted Huge Pages File System.
[    6.646440] systemd[1]: Started Journal Service.
[[0;32m  OK  [0m] Started Journal Service.
[[0;32m  OK  [0m] Started Remount Root and Kernel File Systems.
[[0;32m  OK  [0m] Started Create list of required sta...ce nodes for the current kernel.
[[0;32m  OK  [0m] Started Set console keymap.
[[0;32m  OK  [0m] Started Uncomplicated firewall.
[[0;32m  OK  [0m] Started Load Kernel Modules.
[[0;32m  OK  [0m] Started Nameserver information manager.
[[0;32m  OK  [0m] Started LVM2 metadata daemon.
         Mounting FUSE Control File System...
         Starting Apply Kernel Variables...
         Starting Create Static Device Nodes in /dev...
         Starting udev Coldplug all Devices...
         Starting Load/Save Random Seed...
         Starting Flush Journal to Persistent Storage...
[[0;32m  OK  [0m] Mounted FUSE Control File System.
[[0;32m  OK  [0m] Started Apply Kernel Variables.
[[0;32m  OK  [0m] Started Create Static Device Nodes in /dev.
[[0;32m  OK  [0m] Started Load/Save Random Seed.
[[0;32m  OK  [0m] Started udev Coldplug all Devices.
[[0;32m  OK  [0m] Started Flush Journal to Persistent Storage.
[[0;32m  OK  [0m] Started Monitoring of LVM2 mirrors,...ng dmeventd or progress polling.
         Starting udev Kernel Device Manager...
[[0;32m  OK  [0m] Started udev Kernel Device Manager.
[[0;32m  OK  [0m] Started Dispatch Password Requests to Console Directory Watch.
[[0;32m  OK  [0m] Reached target Local File Systems (Pre).
[[0;32m  OK  [0m] Reached target Local File Systems.
         Starting Commit a transient machine-id on disk...
         Starting Create Volatile Files and Directories...
         Starting LSB: AppArmor initialization...
         Starting Initial cloud-init job (pre-networking)...
         Starting Tell Plymouth To Write Out Runtime Data...
         Starting Set console font and keymap...
[[0;32m  OK  [0m] Started Commit a transient machine-id on disk.
[[0;32m  OK  [0m] Started Create Volatile Files and Directories.
[[0;32m  OK  [0m] Started Tell Plymouth To Write Out Runtime Data.
[[0;32m  OK  [0m] Found device /dev/ttyS0.
         Starting Update UTMP about System Boot/Shutdown...
[[0;32m  OK  [0m] Started Update UTMP about System Boot/Shutdown.
[[0;32m  OK  [0m] Listening on Load/Save RF Kill Switch Status /dev/rfkill Watch.
[[0;32m  OK  [0m] Started LSB: AppArmor initialization.
[    9.242183] cloud-init[480]: Cloud-init v. 18.3-9-g2e62cb8a-0ubuntu1~16.04.2 running 'init-local' at Thu, 06 Sep 2018 04:18:33 +0000. Up 8.44 seconds.
[[0;32m  OK  [0m] Started Set console font and keymap.
[[0;32m  OK  [0m] Started Initial cloud-init job (pre-networking).
[[0;32m  OK  [0m] Reached target Network (Pre).
         Starting Raise network interfaces...
[[0;32m  OK  [0m] Created slice system-getty.slice.
[[0;32m  OK  [0m] Started Raise network interfaces.
[[0;32m  OK  [0m] Reached target Network.
         Starting Initial cloud-init job (metadata service crawler)...
[   11.116234] cloud-init[921]: Cloud-init v. 18.3-9-g2e62cb8a-0ubuntu1~16.04.2 running 'init' at Thu, 06 Sep 2018 04:18:35 +0000. Up 10.07 seconds.
[   11.191890] cloud-init[921]: ci-info: ++++++++++++++++++++++++++++++++++++++Net device info++++++++++++++++++++++++++++++++++++++
[[0;32m  OK  [0m] Started Initial cloud-init job (metadata service crawler).[   11.196746] cloud-init[921]: ci-info: +--------+------+----------------------------+---------------+--------+-------------------+

[   11.200474] cloud-init[921]: ci-info: | Device |  Up  |          Address           |      Mask     | Scope  |     Hw-Address    |
[[   11.271675] cloud-init[921]: ci-info: +--------+------+----------------------------+---------------+--------+-------------------+
[   11.272670] cloud-init[921]: ci-info: | enp0s3 | True |         10.0.2.15          | 255.255.255.0 | global | 02:48:3e:15:b5:0c |
[   11.272877] cloud-init[921]: ci-info: | enp0s3 | True | fe80::48:3eff:fe15:b50c/64 |       .       |  link  | 02:48:3e:15:b5:0c |
[   11.274524] cloud-init[921]: ci-info: |   lo   | True |         127.0.0.1          |   255.0.0.0   |  host  |         .         |
[   11.274598] cloud-init[921]: ci-info: |   lo   | True |          ::1/128           |       .       |  host  |         .         |
[   11.274976] cloud-init[921]: ci-info: +--------+------+----------------------------+---------------+--------+-------------------+
[   11.275126] cloud-init[921]: ci-info: +++++++++++++++++++++++++++Route IPv4 info++++++++++++++++++++++++++++
[   11.275357] cloud-init[921]: ci-info: +-------+-------------+----------+---------------+-----------+-------+
[   11.275707] cloud-init[921]: ci-info: | Route | Destination | Gateway  |    Genmask    | Interface | Flags |
[   11.275861] cloud-init[921]: ci-info: +-------+-------------+----------+---------------+-----------+-------+
[   11.276110] cloud-init[921]: ci-info: |   0   |   0.0.0.0   | 10.0.2.2 |    0.0.0.0    |   enp0s3  |   UG  |
[   11.276233] cloud-init[921]: ci-info: |   1   |   10.0.2.0  | 0.0.0.0  | 255.255.255.0 |   enp0s3  |   U   |
[   11.276417] cloud-init[921]: ci-info: +-------+-------------+----------+---------------+-----------+-------+
[   11.276691] cloud-init[921]: ci-info: +++++++++++++++++++Route IPv6 info+++++++++++++++++++
[0;32m  OK  [0m] Reached target Cloud-config availability.
[[0;32m  OK  [0m] Reached target Network is Online.[   11.276984] 
cloud-init[921]: ci-info: +-------+-------------+---------+-----------+-------+
[   11.403886] cloud-init[921]: ci-info: | Route | Destination | Gateway | Interface | Flags |
[   11.404278] cloud-init[921]: ci-info: +-------+-------------+---------+-----------+-------+
[   11.404485] cloud-init[921]: ci-info: |   0   |  fe80::/64  |    ::   |   enp0s3  |   U   |
[   11.404657] cloud-init[921]: ci-info: |   3   |   ff00::/8  |    ::   |   enp0s3  |   U   |
         Starting iSCSI initiator daemon (iscsid)...
[[   11.404825] cloud-init[921]: ci-info: +-------+-------------+---------+-----------+-------+
[   11.417398] cloud-init[921]: Generating public/private rsa key pair.
[0;32m  OK  [0m] Reached target System Initialization.
[   11.417557] cloud-init[921]: Your identification has been saved in /etc/ssh/ssh_host_rsa_key.
[   11.484300] cloud-init[921]: Your public key has been saved in /etc/ssh/ssh_host_rsa_key.pub.
[   11.484733] cloud-init[921]: The key fingerprint is:
[[0;32m  OK  [0m] Started ACPI Events Check.
[   11.484797] cloud-init[921]: SHA256:BY+bri91heUXPurWElqoq5Bibi9TZNAsdkyyB+yYeBU root@ubuntu-xenial
[   11.645460] cloud-init[921]: The key's randomart image is:
[   11.645736] cloud-init[921]: +---[RSA 2048]----+
[[0;32m  OK  [0m] Reached target Paths.
[   11.645851] cloud-init[921]: | .o=E.  .        |
[   11.756787] cloud-init[921]: |  =+*    +  . .  |
[   11.757246] cloud-init[921]: |.=.=.   . o+ . . |
[   11.757748] cloud-init[921]: |+ o.o    +. o +  |
[   11.758013] cloud-init[921]: | . o    S  o o . |
[   11.758255] cloud-init[921]: |    .. .. o +    |
[   11.758741] cloud-init[921]: |  o.o  ..o + o   |
[   11.759328] cloud-init[921]: | o+. .... . + .  |
[   11.759830] cloud-init[921]: | ..+. o+o. . .   |
[   11.760314] cloud-init[921]: +----[SHA256]-----+
[   11.760787] cloud-init[921]: Generating public/private dsa key pair.
[   11.761260] cloud-init[921]: Your identification has been saved in /etc/ssh/ssh_host_dsa_key.
[   11.761848] cloud-init[921]: Your public key has been saved in /etc/ssh/ssh_host_dsa_key.pub.
[   11.762336] cloud-init[921]: The key fingerprint is:
[   11.762817] cloud-init[921]: SHA256:FpCrgTd/93FeVnPE+cyQ4OUk9Q7tsvW3kHsCGgIOBsc root@ubuntu-xenial
[   11.763299] cloud-init[921]: The key's randomart image is:
[   11.763775] cloud-init[921]: +---[DSA 1024]----+
[   11.764743] cloud-init[921]: |  .   ..    oo+o.|
[   11.765212] cloud-init[921]: | . E  ..   . =o+o|
[   11.765690] cloud-init[921]: |  o.   ..   . o=+|
[   11.765945] cloud-init[921]: |  .o+..  .     =*|
[   11.766156] cloud-init[921]: |  ..o=. S     . B|
[   11.766393] cloud-init[921]: |    ...o..... o++|
[   11.766867] cloud-init[921]: |       ...o..*.oo|
[   11.767341] cloud-init[921]: |         .  ..+.o|
[   11.767815] cloud-init[921]: |             .o. |
[   11.768296] cloud-init[921]: +----[SHA256]-----+
[   11.768771] cloud-init[921]: Generating public/private ecdsa key pair.
[   11.769252] cloud-init[921]: Your identification has been saved in /etc/ssh/ssh_host_ecdsa_key.
[   11.769721] cloud-init[921]: Your public key has been saved in /etc/ssh/ssh_host_ecdsa_key.pub.
[   11.770192] cloud-init[921]: The key fingerprint is:
[   11.770442] cloud-init[921]: SHA256:mVP8SsOkEYxK58nCoi7qsF5K9Xniwm8/WFVRaScbuuc root@ubuntu-xenial
[   11.770663] cloud-init[921]: The key's randomart image is:
[   11.770896] cloud-init[921]: +---[ECDSA 256]---+
[   11.771377] cloud-init[921]: |       o.  .o..  |
[   11.771856] cloud-init[921]: |    . o .o . = . |
[   11.772350] cloud-init[921]: |   o = .. = o =  |
[   11.772844] cloud-init[921]: |  . + +  X o .   |
[   11.773331] cloud-init[921]: | . o .  S + o    |
[   11.773824] cloud-init[921]: |. . . .. o + .   |
[   11.774299] cloud-init[921]: |o... +o.  . o    |
[   11.774766] cloud-init[921]: |+ooo.oo.     E   |
[   11.775239] cloud-init[921]: |B+  +o...        |
[   11.775710] cloud-init[921]: +----[SHA256]-----+
[   11.776446] cloud-init[921]: Generating public/private ed25519 key pair.
[   11.776659] cloud-init[921]: Your identification has been saved in /etc/ssh/ssh_host_ed25519_key.
[   11.776890] cloud-init[921]: Your public key has been saved in /etc/ssh/ssh_host_ed25519_key.pub.
[   11.777367] cloud-init[921]: The key fingerprint is:
[   11.777841] cloud-init[921]: SHA256:hRXl8jNvpajtW5MZMjC3iImqfMQVeYRgLFH87JAlq04 root@ubuntu-xenial
[   11.778310] cloud-init[921]: The key's randomart image is:
[   11.778783] cloud-init[921]: +--[ED25519 256]--+
[   11.779259] cloud-init[921]: |  .=+. +. oo.    |
[   11.779730] cloud-init[921]: |  ..+ = .o .     |
[   11.781289] cloud-init[921]: |   . B o. = o    |
[   11.781747] cloud-init[921]: |    + +. + B .   |
[   11.782224] cloud-init[921]: |   o +. S . B . .|
[   11.782698] cloud-init[921]: |  E o..      B * |
[   11.782955] cloud-init[921]: | o ..       . O  |
[   11.783173] cloud-init[921]: | ....      o o . |
[   11.783703] cloud-init[921]: |  o.      ..+.   |
[   11.783881] cloud-init[921]: +----[SHA256]-----+
         Starting LXD - unix socket.
[[0;32m  OK  [0m] Started Daily Cleanup of Temporary Directories.
         Starting Socket activation for snappy daemon.
[[0;32m  OK  [0m] Listening on D-Bus System Message Bus Socket.
[[0;32m  OK  [0m] Listening on UUID daemon activation socket.
[[0;32m  OK  [0m] Started Daily apt download activities.
[[0;32m  OK  [0m] Started Daily apt upgrade and clean activities.
[[0;32m  OK  [0m] Reached target Timers.
[[0;32m  OK  [0m] Listening on ACPID Listen Socket.
[[0;32m  OK  [0m] Listening on LXD - unix socket.
[[0;32m  OK  [0m] Listening on Socket activation for snappy daemon.
[[0;32m  OK  [0m] Reached target Sockets.
[[0;32m  OK  [0m] Reached target Basic System.
         Starting Accounts Service...
         Starting LSB: MD monitoring daemon...
[[0;32m  OK  [0m] Started Regular background program processing daemon.
         Starting LSB: Record successful boot for GRUB...
[[0;32m  OK  [0m] Started ACPI event daemon.
         Starting Login Service...
[[0;32m  OK  [0m] Started Deferred execution scheduler.
         Starting Virtualbox guest utils...
         Starting /etc/rc.local Compatibility...
[[0;32m  OK  [0m] Started D-Bus System Message Bus.
[[0;32m  OK  [0m] Started FUSE filesystem for LXC.
[[0;32m  OK  [0m] Started Unattended Upgrades Shutdown.
         Starting Snappy daemon...
         Starting Pollinate to seed the pseudo random number generator...
         Starting System Logging Service...
         Starting LXD - container startup/shutdown...
[[0;32m  OK  [0m] Started iSCSI initiator daemon (iscsid).
[[0;32m  OK  [0m] Started /etc/rc.local Compatibility.
[[0;32m  OK  [0m] Started System Logging Service.
[[0;32m  OK  [0m] Started LSB: MD monitoring daemon.
[[0;32m  OK  [0m] Started LSB: Record successful boot for GRUB.
[[0;32m  OK  [0m] Started LXD - container startup/shutdown.
[[0;32m  OK  [0m] Started Snappy daemon.
[[0;32m  OK  [0m] Started Login Service.
         Starting Wait until snapd is fully seeded...
         Starting Authenticate and Authorize Users to Run Privileged Tasks...
         Starting Login to default iSCSI targets...
[[0;32m  OK  [0m] Started Virtualbox guest utils.
[[0;32m  OK  [0m] Started Authenticate and Authorize Users to Run Privileged Tasks.
[[0;32m  OK  [0m] Started Accounts Service.
[[0;32m  OK  [0m] Started Login to default iSCSI targets.
[[0;32m  OK  [0m] Reached target Remote File Systems (Pre).
[[0;32m  OK  [0m] Reached target Remote File Systems.
         Starting Permit User Sessions...
         Starting LSB: daemon to balance interrupts for SMP systems...
         Starting LSB: automatic crash report generation...
         Starting LSB: Set the CPU Frequency Scaling governor to "ondemand"...
[[0;32m  OK  [0m] Started Permit User Sessions.
         Starting Terminate Plymouth Boot Screen...
         Starting Hold until boot process finishes up...
[[0;32m  OK  [0m] Started LSB: Set the CPU Frequency Scaling governor to "ondemand".
[[0;32m  OK  [0m] Started Terminate Plymouth Boot Screen.
[[0;32m  OK  [0m] Started Hold until boot process finishes up.
[[0;32m  OK  [0m] Started Serial Getty on ttyS0.
         Starting Set console scheme...
[[0;32m  OK  [0m] Started Getty on tty1.
[[0;32m  OK  [0m] Reached target Login Prompts.
[[0;32m  OK  [0m] Started LSB: daemon to balance interrupts for SMP systems.
[[0;32m  OK  [0m] Started LSB: automatic crash report generation.
[[0;32m  OK  [0m] Started Set console scheme.
[[0;32m  OK  [0m] Started Wait until snapd is fully seeded.
         Starting Apply the settings specified in cloud-config...
[[0;32m  OK  [0m] Started Pollinate to seed the pseudo random number generator.
         Starting OpenBSD Secure Shell server...
[[0;32m  OK  [0m] Started OpenBSD Secure Shell server.
[[0;32m  OK  [0m] Reached target Multi-User System.
[[0;32m  OK  [0m] Reached target Graphical Interface.
[   17.769606] cloud-init[1227]: Generating locales (this might take a while)...
         Starting Update UTMP about System Runlevel Changes...
[[0;32m  OK  [0m] Started Update UTMP about System Runlevel Changes.

Ubuntu 16.04.5 LTS ubuntu-xenial ttyS0

ubuntu-xenial login: [   19.172331] cloud-init[1227]:   en_US.UTF-8... done
[   19.172995] cloud-init[1227]: Generation complete.
[   19.922860] cloud-init[1227]: Cloud-init v. 18.3-9-g2e62cb8a-0ubuntu1~16.04.2 running 'modules:config' at Thu, 06 Sep 2018 04:18:42 +0000. Up 17.52 seconds.
ci-info: no authorized ssh keys fingerprints found for user ubuntu.
<14>Sep  6 04:18:46 ec2: 
<14>Sep  6 04:18:46 ec2: #############################################################
<14>Sep  6 04:18:46 ec2: -----BEGIN SSH HOST KEY FINGERPRINTS-----
<14>Sep  6 04:18:46 ec2: 1024 SHA256:FpCrgTd/93FeVnPE+cyQ4OUk9Q7tsvW3kHsCGgIOBsc root@ubuntu-xenial (DSA)
<14>Sep  6 04:18:46 ec2: 256 SHA256:mVP8SsOkEYxK58nCoi7qsF5K9Xniwm8/WFVRaScbuuc root@ubuntu-xenial (ECDSA)
<14>Sep  6 04:18:46 ec2: 256 SHA256:hRXl8jNvpajtW5MZMjC3iImqfMQVeYRgLFH87JAlq04 root@ubuntu-xenial (ED25519)
<14>Sep  6 04:18:46 ec2: 2048 SHA256:BY+bri91heUXPurWElqoq5Bibi9TZNAsdkyyB+yYeBU root@ubuntu-xenial (RSA)
<14>Sep  6 04:18:46 ec2: -----END SSH HOST KEY FINGERPRINTS-----
<14>Sep  6 04:18:46 ec2: #############################################################
-----BEGIN SSH HOST KEY KEYS-----
ecdsa-sha2-nistp256 AAAAE2VjZHNhLXNoYTItbmlzdHAyNTYAAAAIbmlzdHAyNTYAAABBBJa4cTYp+NpaQ7vMOCdndGTmA7zrCQdpRheNxy31yHfAEbt80hit96tTWMW688CeDcxFI9bxhYwjfZE0cbcplLs= root@ubuntu-xenial
ssh-ed25519 AAAAC3NzaC1lZDI1NTE5AAAAICGatsEPLdOBnU/KMk0FD60sT+MtpyBlq2FTKxRrG3BN root@ubuntu-xenial
ssh-rsa AAAAB3NzaC1yc2EAAAADAQABAAABAQDIOf++fo7evy3lP5iP/pC+r9qd5lGSOcb1bQdsGTp0y64lDq6Wp8JA0YwowZzsPLsGOkEGjZng8W/KLqGwZ7wsfpDQKfdGEZ2aANTudLnt1W0aR4iKaqDtt7E+OFblkeLHExiTH4hguXMhancd0d5hYIV9bCQP+bsfIvn8IBhz3t88dCj0N2DqEXVmEqem081xbACRYSvUwNtcWSzYkICr7FDanA47wwPK4rPBjuuF/SqLpy8idqUy8a2lReRaF7cio9zOqa7xMvIUJcCgaXm7SoRX86Mvx1RnCYGMuNeADh3MCUMHe9Nvy2Mf4Zyg6vU22a9EJrjeRvao/zG11Mwx root@ubuntu-xenial
-----END SSH HOST KEY KEYS-----
[   20.971240] cloud-init[1350]: Cloud-init v. 18.3-9-g2e62cb8a-0ubuntu1~16.04.2 running 'modules:final' at Thu, 06 Sep 2018 04:18:45 +0000. Up 20.63 seconds.
[   20.971543] cloud-init[1350]: ci-info: no authorized ssh keys fingerprints found for user ubuntu.
[   20.971719] cloud-init[1350]: Cloud-init v. 18.3-9-g2e62cb8a-0ubuntu1~16.04.2 finished at Thu, 06 Sep 2018 04:18:46 +0000. Datasource DataSourceNoCloud [seed=/dev/sdb][dsmode=net].  Up 20.95 seconds
